<?xml version="1.0" encoding="UTF-8"?>
<!-- Generated by org.testng.reporters.JUnitReportReporter -->
<testsuite hostname="NTZ-CPU-227" failures="0" tests="1" name="ExtentReport.BasicExtentreport" time="0.006" errors="0" timestamp="2023-06-26T16:20:14 IST" skipped="0">
  <testcase classname="ExtentReport.BasicExtentreport" name="configurereport" time="0.006"/>
  <system-out/>
</testsuite> <!-- ExtentReport.BasicExtentreport -->
