<?xml version="1.0" encoding="UTF-8"?>
<!-- Generated by org.testng.reporters.JUnitReportReporter -->
<testsuite hostname="NTZ-CPU-227" failures="0" tests="2" name="com.cadmin.testcases.TestCase" time="39.163" errors="0" timestamp="2023-09-04T15:11:02 IST" skipped="0">
  <testcase classname="com.cadmin.testcases.TestCase" name="StudentAccount" time="19.536"/>
  <system-out/>
  <testcase classname="com.cadmin.testcases.TestCase" name="classroom" time="19.627"/>
  <system-out/>
</testsuite> <!-- com.cadmin.testcases.TestCase -->
