<?xml version="1.0" encoding="UTF-8"?>
<!-- Generated by org.testng.reporters.JUnitReportReporter -->
<testsuite hostname="NTZ-CPU-227" failures="0" tests="1" name="com.cadmin.testcases.TC_Assignment" time="2.639" errors="0" timestamp="2023-10-21T17:23:33 IST" skipped="0">
  <testcase classname="com.cadmin.testcases.TC_Assignment" name="Assignmentt" time="2.639"/>
  <system-out/>
</testsuite> <!-- com.cadmin.testcases.TC_Assignment -->
