<?xml version="1.0" encoding="UTF-8"?>
<!-- Generated by org.testng.reporters.JUnitReportReporter -->
<testsuite hostname="NTZ-CPU-227" failures="0" tests="1" name="com.cadmin.testcases.WaytoBeta" time="286.064" errors="0" timestamp="2023-06-25T16:20:12 IST" skipped="0">
  <testcase classname="com.cadmin.testcases.WaytoBeta" name="Beta" time="286.064"/>
  <system-out/>
</testsuite> <!-- com.cadmin.testcases.WaytoBeta -->
