<?xml version="1.0" encoding="UTF-8"?>
<!-- Generated by org.testng.reporters.JUnitReportReporter -->
<testsuite hostname="NTZ-CPU-227" failures="0" tests="1" name="com.cadmin.testcases.TC_StudentAccount" time="53.525" errors="0" timestamp="2023-09-01T16:27:59 IST" skipped="0">
  <testcase classname="com.cadmin.testcases.TC_StudentAccount" name="studentaccount" time="53.525"/>
  <system-out/>
</testsuite> <!-- com.cadmin.testcases.TC_StudentAccount -->
