<?xml version="1.0" encoding="UTF-8"?>
<!-- Generated by org.testng.reporters.JUnitReportReporter -->
<testsuite hostname="NTZ-CPU-227" failures="0" tests="1" name="Test2_GET" time="3.278" errors="0" timestamp="2023-06-12T17:14:51 IST" skipped="0">
  <testcase classname="Test2_GET" name="test_2" time="3.278"/>
  <system-out/>
</testsuite> <!-- Test2_GET -->
