<?xml version="1.0" encoding="UTF-8"?>
<!-- Generated by org.testng.reporters.JUnitReportReporter -->
<testsuite hostname="NTZ-CPU-227" failures="0" tests="1" name="Test3_POST" time="2.218" errors="0" timestamp="2023-06-07T23:45:27 IST" skipped="0">
  <testcase classname="Test3_POST" name="test_3" time="2.218"/>
  <system-out/>
</testsuite> <!-- Test3_POST -->
