<?xml version="1.0" encoding="UTF-8"?>
<!-- Generated by org.testng.reporters.JUnitReportReporter -->
<testsuite hostname="NTZ-CPU-227" failures="0" tests="2" name="Test1_GET" time="3.084" errors="0" timestamp="2023-06-07T22:34:39 IST" skipped="0">
  <testcase classname="Test1_GET" name="test_01" time="2.033"/>
  <system-out/>
  <testcase classname="Test1_GET" name="test_02" time="1.051"/>
  <system-out/>
</testsuite> <!-- Test1_GET -->
