<?xml version="1.0" encoding="UTF-8"?>
<!-- Generated by org.testng.reporters.JUnitReportReporter -->
<testsuite hostname="NTZ-CPU-227" failures="0" tests="1" name="Test5_PUT" time="2.739" errors="0" timestamp="2023-06-08T00:06:42 IST" skipped="0">
  <testcase classname="Test5_PUT" name="test_05" time="2.739"/>
  <system-out/>
</testsuite> <!-- Test5_PUT -->
