<?xml version="1.0" encoding="UTF-8"?>
<!-- Generated by org.testng.reporters.JUnitReportReporter -->
<testsuite hostname="NTZ-CPU-227" failures="0" tests="1" name="cAdmin.Baseclass" time="16.476" errors="0" timestamp="2023-04-28T18:30:07 IST" skipped="0">
  <testcase classname="cAdmin.Baseclass" name="login" time="16.476"/>
  <system-out/>
</testsuite> <!-- cAdmin.Baseclass -->
