<?xml version="1.0" encoding="UTF-8"?>
<!-- Generated by org.testng.reporters.JUnitReportReporter -->
<testsuite hostname="NTZ-CPU-227" failures="0" tests="2" name="csm.Classroom" time="38.840" errors="0" timestamp="2023-04-26T16:18:37 IST" skipped="0">
  <testcase classname="csm.Classroom" name="login" time="29.501"/>
  <system-out/>
  <testcase classname="csm.Classroom" name="classroom" time="9.339"/>
  <system-out/>
</testsuite> <!-- csm.Classroom -->
