<?xml version="1.0" encoding="UTF-8"?>
<!-- Generated by org.testng.reporters.JUnitReportReporter -->
<testsuite hostname="NTZ-CPU-227" failures="0" tests="3" name="csm.Processyard" time="24.836" errors="0" timestamp="2023-04-26T16:34:27 IST" skipped="0">
  <testcase classname="csm.Processyard" name="login" time="18.362"/>
  <system-out/>
  <testcase classname="csm.Processyard" name="processyard" time="4.492"/>
  <system-out/>
  <testcase classname="csm.Processyard" name="logout" time="1.982"/>
  <system-out/>
</testsuite> <!-- csm.Processyard -->
