<?xml version="1.0" encoding="UTF-8"?>
<!-- Generated by org.testng.reporters.JUnitReportReporter -->
<testsuite hostname="NTZ-CPU-227" failures="0" tests="5" name="cAdmin.schedule" time="0.000" errors="0" timestamp="2023-08-25T17:45:12 IST" skipped="5">
  <testcase classname="cAdmin.schedule" name="login" time="0.000">
    <skipped/>
  </testcase> <!-- login -->
  <system-out/>
  <testcase classname="cAdmin.schedule" name="schedul" time="0.000">
    <skipped/>
  </testcase> <!-- schedul -->
  <system-out/>
  <testcase classname="cAdmin.schedule" name="managetimeslot" time="0.000">
    <skipped/>
  </testcase> <!-- managetimeslot -->
  <system-out/>
  <testcase classname="cAdmin.schedule" name="corporategrp" time="0.000">
    <skipped/>
  </testcase> <!-- corporategrp -->
  <system-out/>
  <testcase classname="cAdmin.schedule" name="appt" time="0.000">
    <skipped/>
  </testcase> <!-- appt -->
  <system-out/>
</testsuite> <!-- cAdmin.schedule -->
