<?xml version="1.0" encoding="UTF-8"?>
<!-- Generated by org.testng.reporters.JUnitReportReporter -->
<testsuite hostname="NTZ-CPU-227" failures="0" tests="5" name="TestCase.BaseClass" time="76.351" errors="0" timestamp="2023-04-07T13:02:50 IST" skipped="0">
  <testcase classname="TestCase.BaseClass" name="login" time="21.605"/>
  <system-out/>
  <testcase classname="TestCase.BaseClass" name="navigation_MyAccount" time="29.260"/>
  <system-out/>
  <testcase classname="TestCase.BaseClass" name="navigation_Resources" time="16.140"/>
  <system-out/>
  <testcase classname="TestCase.BaseClass" name="Contact_info" time="7.329"/>
  <system-out/>
  <testcase classname="TestCase.BaseClass" name="logout" time="2.017"/>
  <system-out/>
</testsuite> <!-- TestCase.BaseClass -->
