<?xml version="1.0" encoding="UTF-8"?>
<!-- Generated by org.testng.reporters.JUnitReportReporter -->
<testsuite hostname="NTZ-CPU-227" failures="0" tests="2" name="csm.myprofile" time="21.680" errors="0" timestamp="2023-04-22T18:38:15 IST" skipped="0">
  <testcase classname="csm.myprofile" name="login" time="16.051"/>
  <system-out/>
  <testcase classname="csm.myprofile" name="profile" time="5.629"/>
  <system-out/>
</testsuite> <!-- csm.myprofile -->
