<?xml version="1.0" encoding="UTF-8"?>
<!-- Generated by org.testng.reporters.JUnitReportReporter -->
<testsuite hostname="NTZ-CPU-227" failures="0" tests="6" name="csm.Unavil" time="50.693" errors="0" timestamp="2023-04-26T19:06:57 IST" skipped="0">
  <testcase classname="csm.Unavil" name="login" time="25.788"/>
  <system-out/>
  <testcase classname="csm.Unavil" name="ss" time="16.080"/>
  <system-out/>
  <testcase classname="csm.Unavil" name="Datepicker" time="5.666"/>
  <system-out/>
  <testcase classname="csm.Unavil" name="Time" time="0.247"/>
  <system-out/>
  <testcase classname="csm.Unavil" name="Status" time="0.187"/>
  <system-out/>
  <testcase classname="csm.Unavil" name="logout" time="2.725"/>
  <system-out/>
</testsuite> <!-- csm.Unavil -->
