<?xml version="1.0" encoding="UTF-8"?>
<!-- Generated by org.testng.reporters.JUnitReportReporter -->
<testsuite hostname="NTZ-CPU-227" failures="0" tests="2" name="cAdmin.studentenrollment" time="45.759" errors="0" timestamp="2023-04-29T13:09:07 IST" skipped="0">
  <testcase classname="cAdmin.studentenrollment" name="login" time="15.329"/>
  <system-out/>
  <testcase classname="cAdmin.studentenrollment" name="enrollment" time="30.430"/>
  <system-out/>
</testsuite> <!-- cAdmin.studentenrollment -->
