<?xml version="1.0" encoding="UTF-8"?>
<!-- Generated by org.testng.reporters.JUnitReportReporter -->
<testsuite hostname="NTZ-CPU-227" failures="0" tests="2" name="cAdmin.Reportcenter" time="65.971" errors="0" timestamp="2023-05-16T18:57:38 IST" skipped="0">
  <testcase classname="cAdmin.Reportcenter" name="login" time="11.300"/>
  <system-out/>
  <testcase classname="cAdmin.Reportcenter" name="report" time="54.671"/>
  <system-out/>
</testsuite> <!-- cAdmin.Reportcenter -->
