<?xml version="1.0" encoding="UTF-8"?>
<!-- Generated by org.testng.reporters.JUnitReportReporter -->
<testsuite hostname="NTZ-CPU-227" failures="0" tests="2" name="cAdmin.Staffappointment" time="55.416" errors="0" timestamp="2023-05-08T19:12:55 IST" skipped="0">
  <testcase classname="cAdmin.Staffappointment" name="login" time="10.468"/>
  <system-out/>
  <testcase classname="cAdmin.Staffappointment" name="sappt" time="44.948"/>
  <system-out/>
</testsuite> <!-- cAdmin.Staffappointment -->
