<?xml version="1.0" encoding="UTF-8"?>
<!-- Generated by org.testng.reporters.JUnitReportReporter -->
<testsuite hostname="NTZ-CPU-227" failures="0" tests="3" name="TestCase.Testcase1" time="43.397" errors="0" timestamp="2023-04-01T15:57:39 IST" skipped="0">
  <testcase classname="TestCase.Testcase1" name="login" time="16.664"/>
  <system-out/>
  <testcase classname="TestCase.Testcase1" name="navigation_MyAccount" time="23.391"/>
  <system-out/>
  <testcase classname="TestCase.Testcase1" name="navigation_Resources" time="3.342"/>
  <system-out/>
</testsuite> <!-- TestCase.Testcase1 -->
