<?xml version="1.0" encoding="UTF-8"?>
<!-- Generated by org.testng.reporters.JUnitReportReporter -->
<testsuite hostname="NTZ-CPU-227" failures="0" tests="3" name="cAdmin.studentAccount" time="72.209" errors="0" timestamp="2023-04-29T18:50:24 IST" skipped="0">
  <testcase classname="cAdmin.studentAccount" name="login" time="10.661"/>
  <system-out/>
  <testcase classname="cAdmin.studentAccount" name="studentaccount" time="44.921"/>
  <system-out/>
  <testcase classname="cAdmin.studentAccount" name="uploadimage" time="16.627"/>
  <system-out/>
</testsuite> <!-- cAdmin.studentAccount -->
